# JRE version: OpenJDK Runtime Environment (11.0.12+7) (build 11.0.12+7-b1504.28-7817840)
# Java VM: OpenJDK 64-Bit Server VM (11.0.12+7-b1504.28-7817840, mixed mode, tiered, compressed oops, g1 gc, windows-amd64)
Heap:
 garbage-first heap   total 161792K, used 94432K [0x0000000080000000, 0x0000000100000000)
  region size 1024K, 27 young (27648K), 6 survivors (6144K)
 Metaspace       used 84366K, capacity 86394K, committed 86524K, reserved 1124352K
  class space    used 10839K, capacity 11600K, committed 11648K, reserved 1048576K
GC Heap History (20 events):
Event: 42.252 GC heap before
{Heap before GC invocations=71 (full 0):
 garbage-first heap   total 76800K, used 60322K [0x0000000080000000, 0x0000000100000000)
  region size 1024K, 8 young (8192K), 1 survivors (1024K)
 Metaspace       used 65778K, capacity 67242K, committed 67452K, reserved 1107968K
  class space    used 8308K, capacity 8874K, committed 8960K, reserved 1048576K
}
Event: 42.256 GC heap after
{Heap after GC invocations=72 (full 0):
 garbage-first heap   total 99328K, used 53886K [0x0000000080000000, 0x0000000100000000)
  region size 1024K, 1 young (1024K), 1 survivors (1024K)
 Metaspace       used 65778K, capacity 67242K, committed 67452K, reserved 1107968K
  class space    used 8308K, capacity 8874K, committed 8960K, reserved 1048576K
}
Event: 42.848 GC heap before
{Heap before GC invocations=73 (full 0):
 garbage-first heap   total 99328K, used 70270K [0x0000000080000000, 0x0000000100000000)
  region size 1024K, 17 young (17408K), 1 survivors (1024K)
 Metaspace       used 65831K, capacity 67351K, committed 67452K, reserved 1107968K
  class space    used 8315K, capacity 8910K, committed 8960K, reserved 1048576K
}
Event: 42.852 GC heap after
{Heap after GC invocations=74 (full 0):
 garbage-first heap   total 99328K, used 55189K [0x0000000080000000, 0x0000000100000000)
  region size 1024K, 3 young (3072K), 3 survivors (3072K)
 Metaspace       used 65831K, capacity 67351K, committed 67452K, reserved 1107968K
  class space    used 8315K, capacity 8910K, committed 8960K, reserved 1048576K
}
Event: 43.392 GC heap before
{Heap before GC invocations=74 (full 0):
 garbage-first heap   total 99328K, used 70549K [0x0000000080000000, 0x0000000100000000)
  region size 1024K, 19 young (19456K), 3 survivors (3072K)
 Metaspace       used 66358K, capacity 67907K, committed 67964K, reserved 1107968K
  class space    used 8372K, capacity 8945K, committed 8960K, reserved 1048576K
}
Event: 43.413 GC heap after
{Heap after GC invocations=75 (full 0):
 garbage-first heap   total 99328K, used 56646K [0x0000000080000000, 0x0000000100000000)
  region size 1024K, 3 young (3072K), 3 survivors (3072K)
 Metaspace       used 66358K, capacity 67907K, committed 67964K, reserved 1107968K
  class space    used 8372K, capacity 8945K, committed 8960K, reserved 1048576K
}
Event: 44.202 GC heap before
{Heap before GC invocations=76 (full 0):
 garbage-first heap   total 99328K, used 74054K [0x0000000080000000, 0x0000000100000000)
  region size 1024K, 20 young (20480K), 3 survivors (3072K)
 Metaspace       used 68417K, capacity 69898K, committed 70140K, reserved 1110016K
  class space    used 8676K, capacity 9266K, committed 9344K, reserved 1048576K
}
Event: 44.210 GC heap after
{Heap after GC invocations=77 (full 0):
 garbage-first heap   total 99328K, used 57556K [0x0000000080000000, 0x0000000100000000)
  region size 1024K, 3 young (3072K), 3 survivors (3072K)
 Metaspace       used 68417K, capacity 69898K, committed 70140K, reserved 1110016K
  class space    used 8676K, capacity 9266K, committed 9344K, reserved 1048576K
}
Event: 45.129 GC heap before
{Heap before GC invocations=77 (full 0):
 garbage-first heap   total 99328K, used 74964K [0x0000000080000000, 0x0000000100000000)
  region size 1024K, 20 young (20480K), 3 survivors (3072K)
 Metaspace       used 70835K, capacity 72406K, committed 72572K, reserved 1112064K
  class space    used 9122K, capacity 9696K, committed 9728K, reserved 1048576K
}
Event: 45.139 GC heap after
{Heap after GC invocations=78 (full 0):
 garbage-first heap   total 134144K, used 58928K [0x0000000080000000, 0x0000000100000000)
  region size 1024K, 3 young (3072K), 3 survivors (3072K)
 Metaspace       used 70835K, capacity 72406K, committed 72572K, reserved 1112064K
  class space    used 9122K, capacity 9696K, committed 9728K, reserved 1048576K
}
Event: 47.968 GC heap before
{Heap before GC invocations=79 (full 0):
 garbage-first heap   total 134144K, used 90672K [0x0000000080000000, 0x0000000100000000)
  region size 1024K, 34 young (34816K), 3 survivors (3072K)
 Metaspace       used 73397K, capacity 75047K, committed 75388K, reserved 1114112K
  class space    used 9483K, capacity 10117K, committed 10240K, reserved 1048576K
}
Event: 47.981 GC heap after
{Heap after GC invocations=80 (full 0):
 garbage-first heap   total 134144K, used 60744K [0x0000000080000000, 0x0000000100000000)
  region size 1024K, 5 young (5120K), 5 survivors (5120K)
 Metaspace       used 73397K, capacity 75047K, committed 75388K, reserved 1114112K
  class space    used 9483K, capacity 10117K, committed 10240K, reserved 1048576K
}
Event: 50.130 GC heap before
{Heap before GC invocations=80 (full 0):
 garbage-first heap   total 134144K, used 97608K [0x0000000080000000, 0x0000000100000000)
  region size 1024K, 41 young (41984K), 5 survivors (5120K)
 Metaspace       used 78011K, capacity 79704K, committed 79868K, reserved 1118208K
  class space    used 10126K, capacity 10777K, committed 10880K, reserved 1048576K
}
Event: 50.151 GC heap after
{Heap after GC invocations=81 (full 0):
 garbage-first heap   total 134144K, used 62757K [0x0000000080000000, 0x0000000100000000)
  region size 1024K, 4 young (4096K), 4 survivors (4096K)
 Metaspace       used 78011K, capacity 79704K, committed 79868K, reserved 1118208K
  class space    used 10126K, capacity 10777K, committed 10880K, reserved 1048576K
}
Event: 53.733 GC heap before
{Heap before GC invocations=81 (full 0):
 garbage-first heap   total 134144K, used 102693K [0x0000000080000000, 0x0000000100000000)
  region size 1024K, 44 young (45056K), 4 survivors (4096K)
 Metaspace       used 81722K, capacity 83610K, committed 83836K, reserved 1122304K
  class space    used 10528K, capacity 11230K, committed 11264K, reserved 1048576K
}
Event: 53.777 GC heap after
{Heap after GC invocations=82 (full 0):
 garbage-first heap   total 134144K, used 67570K [0x0000000080000000, 0x0000000100000000)
  region size 1024K, 6 young (6144K), 6 survivors (6144K)
 Metaspace       used 81722K, capacity 83610K, committed 83836K, reserved 1122304K
  class space    used 10528K, capacity 11230K, committed 11264K, reserved 1048576K
}
Event: 58.348 GC heap before
{Heap before GC invocations=82 (full 0):
 garbage-first heap   total 134144K, used 103410K [0x0000000080000000, 0x0000000100000000)
  region size 1024K, 42 young (43008K), 6 survivors (6144K)
 Metaspace       used 83429K, capacity 85510K, committed 85756K, reserved 1124352K
  class space    used 10786K, capacity 11570K, committed 11648K, reserved 1048576K
}
Event: 58.399 GC heap after
{Heap after GC invocations=83 (full 0):
 garbage-first heap   total 161792K, used 71434K [0x0000000080000000, 0x0000000100000000)
  region size 1024K, 4 young (4096K), 4 survivors (4096K)
 Metaspace       used 83429K, capacity 85510K, committed 85756K, reserved 1124352K
  class space    used 10786K, capacity 11570K, committed 11648K, reserved 1048576K
}
Event: 65.819 GC heap before
{Heap before GC invocations=84 (full 0):
 garbage-first heap   total 161792K, used 114442K [0x0000000080000000, 0x0000000100000000)
  region size 1024K, 47 young (48128K), 4 survivors (4096K)
 Metaspace       used 84008K, capacity 86056K, committed 86268K, reserved 1124352K
  class space    used 10806K, capacity 11586K, committed 11648K, reserved 1048576K
}
Event: 65.896 GC heap after
{Heap after GC invocations=85 (full 0):
 garbage-first heap   total 161792K, used 73952K [0x0000000080000000, 0x0000000100000000)
  region size 1024K, 6 young (6144K), 6 survivors (6144K)
 Metaspace       used 84008K, capacity 86056K, committed 86268K, reserved 1124352K
  class space    used 10806K, capacity 11586K, committed 11648K, reserved 1048576K
}

