# JRE version: OpenJDK Runtime Environment (11.0.11+9) (build 11.0.11+9-b60-7590822)
# Java VM: OpenJDK 64-Bit Server VM (11.0.11+9-b60-7590822, mixed mode, tiered, compressed oops, g1 gc, windows-amd64)
Heap:
 garbage-first heap   total 192512K, used 100422K [0x0000000080000000, 0x0000000100000000)
  region size 1024K, 14 young (14336K), 7 survivors (7168K)
 Metaspace       used 126653K, capacity 130267K, committed 130892K, reserved 1163264K
  class space    used 15676K, capacity 17057K, committed 17228K, reserved 1048576K
GC Heap History (20 events):
Event: 3440.881 GC heap before
{Heap before GC invocations=124 (full 0):
 garbage-first heap   total 192512K, used 102716K [0x0000000080000000, 0x0000000100000000)
  region size 1024K, 11 young (11264K), 1 survivors (1024K)
 Metaspace       used 126096K, capacity 129861K, committed 130380K, reserved 1163264K
  class space    used 15678K, capacity 17078K, committed 17228K, reserved 1048576K
}
Event: 3440.885 GC heap after
{Heap after GC invocations=125 (full 0):
 garbage-first heap   total 192512K, used 93429K [0x0000000080000000, 0x0000000100000000)
  region size 1024K, 1 young (1024K), 1 survivors (1024K)
 Metaspace       used 126096K, capacity 129861K, committed 130380K, reserved 1163264K
  class space    used 15678K, capacity 17078K, committed 17228K, reserved 1048576K
}
Event: 4798.042 GC heap before
{Heap before GC invocations=126 (full 0):
 garbage-first heap   total 192512K, used 165109K [0x0000000080000000, 0x0000000100000000)
  region size 1024K, 62 young (63488K), 1 survivors (1024K)
 Metaspace       used 126169K, capacity 129990K, committed 130380K, reserved 1163264K
  class space    used 15678K, capacity 17078K, committed 17228K, reserved 1048576K
}
Event: 4798.153 GC heap after
{Heap after GC invocations=127 (full 0):
 garbage-first heap   total 192512K, used 98025K [0x0000000080000000, 0x0000000100000000)
  region size 1024K, 5 young (5120K), 5 survivors (5120K)
 Metaspace       used 126169K, capacity 129990K, committed 130380K, reserved 1163264K
  class space    used 15678K, capacity 17078K, committed 17228K, reserved 1048576K
}
Event: 4798.329 GC heap before
{Heap before GC invocations=127 (full 0):
 garbage-first heap   total 192512K, used 101097K [0x0000000080000000, 0x0000000100000000)
  region size 1024K, 9 young (9216K), 5 survivors (5120K)
 Metaspace       used 126174K, capacity 129990K, committed 130380K, reserved 1163264K
  class space    used 15678K, capacity 17078K, committed 17228K, reserved 1048576K
}
Event: 4798.491 GC heap after
{Heap after GC invocations=128 (full 0):
 garbage-first heap   total 192512K, used 93121K [0x0000000080000000, 0x0000000100000000)
  region size 1024K, 1 young (1024K), 1 survivors (1024K)
 Metaspace       used 126174K, capacity 129990K, committed 130380K, reserved 1163264K
  class space    used 15678K, capacity 17078K, committed 17228K, reserved 1048576K
}
Event: 4798.819 GC heap before
{Heap before GC invocations=128 (full 0):
 garbage-first heap   total 192512K, used 98241K [0x0000000080000000, 0x0000000100000000)
  region size 1024K, 7 young (7168K), 1 survivors (1024K)
 Metaspace       used 126177K, capacity 129990K, committed 130380K, reserved 1163264K
  class space    used 15678K, capacity 17078K, committed 17228K, reserved 1048576K
}
Event: 4798.848 GC heap after
{Heap after GC invocations=129 (full 0):
 garbage-first heap   total 192512K, used 93228K [0x0000000080000000, 0x0000000100000000)
  region size 1024K, 1 young (1024K), 1 survivors (1024K)
 Metaspace       used 126177K, capacity 129990K, committed 130380K, reserved 1163264K
  class space    used 15678K, capacity 17078K, committed 17228K, reserved 1048576K
}
Event: 4804.146 GC heap before
{Heap before GC invocations=130 (full 0):
 garbage-first heap   total 192512K, used 156663K [0x0000000080000000, 0x0000000100000000)
  region size 1024K, 48 young (49152K), 1 survivors (1024K)
 Metaspace       used 126241K, capacity 129952K, committed 130636K, reserved 1163264K
  class space    used 15661K, capacity 17046K, committed 17228K, reserved 1048576K
}
Event: 4804.171 GC heap after
{Heap after GC invocations=131 (full 0):
 garbage-first heap   total 192512K, used 92870K [0x0000000080000000, 0x0000000100000000)
  region size 1024K, 2 young (2048K), 2 survivors (2048K)
 Metaspace       used 126241K, capacity 129952K, committed 130636K, reserved 1163264K
  class space    used 15661K, capacity 17046K, committed 17228K, reserved 1048576K
}
Event: 4804.223 GC heap before
{Heap before GC invocations=131 (full 0):
 garbage-first heap   total 192512K, used 100038K [0x0000000080000000, 0x0000000100000000)
  region size 1024K, 9 young (9216K), 2 survivors (2048K)
 Metaspace       used 126241K, capacity 129952K, committed 130636K, reserved 1163264K
  class space    used 15661K, capacity 17046K, committed 17228K, reserved 1048576K
}
Event: 4804.283 GC heap after
{Heap after GC invocations=132 (full 0):
 garbage-first heap   total 192512K, used 87141K [0x0000000080000000, 0x0000000100000000)
  region size 1024K, 2 young (2048K), 2 survivors (2048K)
 Metaspace       used 126241K, capacity 129952K, committed 130636K, reserved 1163264K
  class space    used 15661K, capacity 17046K, committed 17228K, reserved 1048576K
}
Event: 4815.145 GC heap before
{Heap before GC invocations=132 (full 0):
 garbage-first heap   total 192512K, used 135269K [0x0000000080000000, 0x0000000100000000)
  region size 1024K, 51 young (52224K), 2 survivors (2048K)
 Metaspace       used 126331K, capacity 130094K, committed 130636K, reserved 1163264K
  class space    used 15662K, capacity 17048K, committed 17228K, reserved 1048576K
}
Event: 4815.219 GC heap after
{Heap after GC invocations=133 (full 0):
 garbage-first heap   total 192512K, used 90304K [0x0000000080000000, 0x0000000100000000)
  region size 1024K, 6 young (6144K), 6 survivors (6144K)
 Metaspace       used 126331K, capacity 130094K, committed 130636K, reserved 1163264K
  class space    used 15662K, capacity 17048K, committed 17228K, reserved 1048576K
}
Event: 4822.619 GC heap before
{Heap before GC invocations=134 (full 0):
 garbage-first heap   total 192512K, used 143552K [0x0000000080000000, 0x0000000100000000)
  region size 1024K, 57 young (58368K), 6 survivors (6144K)
 Metaspace       used 126475K, capacity 130184K, committed 130636K, reserved 1163264K
  class space    used 15670K, capacity 17055K, committed 17228K, reserved 1048576K
}
Event: 4822.688 GC heap after
{Heap after GC invocations=135 (full 0):
 garbage-first heap   total 192512K, used 92247K [0x0000000080000000, 0x0000000100000000)
  region size 1024K, 3 young (3072K), 3 survivors (3072K)
 Metaspace       used 126475K, capacity 130184K, committed 130636K, reserved 1163264K
  class space    used 15670K, capacity 17055K, committed 17228K, reserved 1048576K
}
Event: 4822.888 GC heap before
{Heap before GC invocations=135 (full 0):
 garbage-first heap   total 192512K, used 93271K [0x0000000080000000, 0x0000000100000000)
  region size 1024K, 6 young (6144K), 3 survivors (3072K)
 Metaspace       used 126499K, capacity 130260K, committed 130892K, reserved 1163264K
  class space    used 15671K, capacity 17057K, committed 17228K, reserved 1048576K
}
Event: 4822.914 GC heap after
{Heap after GC invocations=136 (full 0):
 garbage-first heap   total 192512K, used 90481K [0x0000000080000000, 0x0000000100000000)
  region size 1024K, 4 young (4096K), 4 survivors (4096K)
 Metaspace       used 126499K, capacity 130260K, committed 130892K, reserved 1163264K
  class space    used 15671K, capacity 17057K, committed 17228K, reserved 1048576K
}
Event: 4857.180 GC heap before
{Heap before GC invocations=137 (full 0):
 garbage-first heap   total 192512K, used 175473K [0x0000000080000000, 0x0000000100000000)
  region size 1024K, 59 young (60416K), 4 survivors (4096K)
 Metaspace       used 126652K, capacity 130267K, committed 130892K, reserved 1163264K
  class space    used 15676K, capacity 17057K, committed 17228K, reserved 1048576K
}
Event: 4857.331 GC heap after
{Heap after GC invocations=138 (full 0):
 garbage-first heap   total 192512K, used 94278K [0x0000000080000000, 0x0000000100000000)
  region size 1024K, 7 young (7168K), 7 survivors (7168K)
 Metaspace       used 126652K, capacity 130267K, committed 130892K, reserved 1163264K
  class space    used 15676K, capacity 17057K, committed 17228K, reserved 1048576K
}

